[INFO ] 20-12-2023 22:16:57 [main] Log - chạy test case Login Page
[INFO ] 20-12-2023 22:20:40 [main] Log - chạy test case Login Page
[INFO ] 20-12-2023 22:20:40 [main] Log - Đã chạy testcase: TC_01_LoginPageMA
[INFO ] 20-12-2023 22:20:53 [main] Log - Đã chạy testcase: TC02_OpenAllAccount
[INFO ] 20-12-2023 22:27:42 [main] Log - chạy test case Login Page
[INFO ] 20-12-2023 22:27:42 [main] Log - Đã chạy testcase: TC_01_LoginPageMA
[INFO ] 20-12-2023 22:27:42 [main] Log - Đã chạy testcase: [Lorg.testng.annotations.CustomAttribute;@474821de
[INFO ] 20-12-2023 22:27:54 [main] Log - Đã chạy testcase: TC02_OpenAllAccount
[INFO ] 20-12-2023 22:27:54 [main] Log - Đã chạy testcase: [Lorg.testng.annotations.CustomAttribute;@474821de
[INFO ] 23-12-2023 16:28:39 [main] Log - Start testing sample test
[INFO ] 23-12-2023 16:28:54 [main] Log - TC_01_LoginPageMA test is starting...
[INFO ] 23-12-2023 16:29:00 [main] Log - chạy test case Login Page
[INFO ] 23-12-2023 16:29:00 [main] Log - TC_01_LoginPageMA test is passed.
[INFO ] 23-12-2023 16:29:00 [main] Log - Đã chạy testcase: TC_01_LoginPageMA
[INFO ] 23-12-2023 16:29:00 [main] Log - Đã chạy testcase: [Lorg.testng.annotations.CustomAttribute;@6a1568d6
[INFO ] 23-12-2023 16:29:00 [main] Log - TC02_OpenAllAccount test is starting...
[INFO ] 23-12-2023 16:29:12 [main] Log - TC02_OpenAllAccount test is passed.
[INFO ] 23-12-2023 16:29:12 [main] Log - Đã chạy testcase: TC02_OpenAllAccount
[INFO ] 23-12-2023 16:29:12 [main] Log - Đã chạy testcase: [Lorg.testng.annotations.CustomAttribute;@6a1568d6
[INFO ] 23-12-2023 16:29:12 [main] Log - End testing sample test
[INFO ] 23-12-2023 16:32:26 [main] Log - Start testing sample test
[INFO ] 23-12-2023 16:32:37 [main] Log - TC_01_LoginPageMA test is starting...
[INFO ] 23-12-2023 16:32:43 [main] Log - chạy test case Login Page
[ERROR] 23-12-2023 16:32:43 [main] Log - TC_01_LoginPageMA test is failed.
[INFO ] 23-12-2023 16:32:44 [main] Log - TC02_OpenAllAccount test is starting...
[INFO ] 23-12-2023 16:32:56 [main] Log - TC02_OpenAllAccount test is passed.
[INFO ] 23-12-2023 16:32:56 [main] Log - End testing sample test
[INFO ] 23-12-2023 16:40:28 [main] Log - Start testing sample test
[INFO ] 23-12-2023 16:40:38 [main] Log - TC_01_LoginPageMA test is starting...
[INFO ] 23-12-2023 16:40:44 [main] Log - chạy test case Login Page
[ERROR] 23-12-2023 16:40:44 [main] Log - TC_01_LoginPageMA test is failed.
[INFO ] 23-12-2023 16:40:45 [main] Log - TC02_OpenAllAccount test is starting...
[INFO ] 23-12-2023 16:40:57 [main] Log - TC02_OpenAllAccount test is passed.
[INFO ] 23-12-2023 16:40:57 [main] Log - End testing sample test
[INFO ] 23-12-2023 16:45:09 [main] Log - Start testing sample test
[INFO ] 23-12-2023 16:45:16 [main] Log - TC_01_LoginPageMA test is starting...
[INFO ] 23-12-2023 16:45:22 [main] Log - chạy test case Login Page
[ERROR] 23-12-2023 16:45:22 [main] Log - TC_01_LoginPageMA test is failed.
[INFO ] 23-12-2023 16:45:23 [main] Log - TC02_OpenAllAccount test is starting...
[INFO ] 23-12-2023 16:45:35 [main] Log - TC02_OpenAllAccount test is passed.
[INFO ] 23-12-2023 16:45:35 [main] Log - End testing sample test
[INFO ] 23-12-2023 17:27:33 [main] Log - Start testing sample test
[INFO ] 23-12-2023 17:27:44 [main] Log - TC_01_LoginPageMA test is starting...
[INFO ] 23-12-2023 17:27:50 [main] Log - chạy test case Login Page
[ERROR] 23-12-2023 17:27:51 [main] Log - Mở trang Myaccount và tạo tài khoản test is failed.
[ERROR] 23-12-2023 17:27:51 [main] Log - Screenshot captured for test case: TC_01_LoginPageMA
[ERROR] 23-12-2023 17:27:51 [main] Log - Mở trang Myaccount và tạo tài khoản test is failed.
[ERROR] 23-12-2023 17:27:52 [main] Log - Screenshot captured for test case: TC_01_LoginPageMA
[INFO ] 23-12-2023 17:27:52 [main] Log - End testing sample test
[INFO ] 23-12-2023 17:34:58 [main] Log - Start testing sample test
[INFO ] 23-12-2023 17:35:12 [main] Log - TC_01_LoginPageMA test is starting...
[INFO ] 23-12-2023 17:35:19 [main] Log - chạy test case Login Page
[ERROR] 23-12-2023 17:35:19 [main] Log - Mở trang Myaccount và tạo tài khoản test is failed.
[ERROR] 23-12-2023 17:35:21 [main] Log - Screenshot captured for test case: TC_01_LoginPageMA
[INFO ] 23-12-2023 17:35:22 [main] Log - TC02_OpenAllAccount test is starting...
[INFO ] 23-12-2023 17:35:36 [main] Log - TC02_OpenAllAccount test is passed.
[INFO ] 23-12-2023 17:35:36 [main] Log - End testing sample test
[INFO ] 23-12-2023 22:52:59 [main] Log - Start testing sample test
[INFO ] 23-12-2023 22:53:17 [main] Log - TC_01_LoginPageMA test is starting...
[INFO ] 23-12-2023 22:53:18 [main] Log - Click element//span[contains(text(),"Mở tài khoản mới")]
[INFO ] 23-12-2023 22:53:23 [main] Log - chạy test case Login Page
[ERROR] 23-12-2023 22:53:23 [main] Log - Mở trang Myaccount và tạo tài khoản test is failed.
[ERROR] 23-12-2023 22:53:24 [main] Log - Screenshot captured for test case: TC_01_LoginPageMA
[INFO ] 23-12-2023 22:53:25 [main] Log - TC02_OpenAllAccount test is starting...
[INFO ] 23-12-2023 22:53:25 [main] Log - Set text: 234294857231 on element //input[@placeholder="Nhập số CMND/CCCD"]
[INFO ] 23-12-2023 22:53:26 [main] Log - Set text: annhduc989999 on element //input[@placeholder="Nhập tên đăng nhập"]
[INFO ] 23-12-2023 22:53:26 [main] Log - Set text: Ab05131998 on element //input[@id="typepassword"]
[INFO ] 23-12-2023 22:53:26 [main] Log - Set text: Ab05131998 on element //input[@id="typepasswordagain"]
[INFO ] 23-12-2023 22:53:31 [main] Log - Click element//span[text()="Tôi đã đọc, hiểu và đồng ý với "]
[INFO ] 23-12-2023 22:53:32 [main] Log - Click element//button[contains(text(),"Tiếp tục")]
[INFO ] 23-12-2023 22:53:37 [main] Log - TC02_OpenAllAccount test is passed.
[INFO ] 23-12-2023 22:53:38 [main] Log - End testing sample test
[INFO ] 24-12-2023 10:55:24 [main] Log - Start testing sample test
[INFO ] 24-12-2023 10:55:42 [main] Log - TC_01_LoginPageMA test is starting...
[INFO ] 24-12-2023 10:55:49 [main] Log - chạy test case Login Page
[ERROR] 24-12-2023 10:55:50 [main] Log - Mở trang Myaccount và tạo tài khoản test is failed.
[ERROR] 24-12-2023 10:55:51 [main] Log - Screenshot captured for test case: TC_01_LoginPageMA
[INFO ] 24-12-2023 10:55:52 [main] Log - TC02_OpenAllAccount test is starting...
[INFO ] 24-12-2023 10:56:04 [main] Log - TC02_OpenAllAccount test is passed.
[INFO ] 24-12-2023 10:56:04 [main] Log - End testing sample test
[INFO ] 24-12-2023 11:14:13 [main] Log - Start testing sample test
[INFO ] 24-12-2023 11:14:27 [main] Log - TC_01_LoginPageMA test is starting...
[INFO ] 24-12-2023 11:14:36 [main] Log - chạy test case Login Page
[ERROR] 24-12-2023 11:14:36 [main] Log - Mở trang Myaccount và tạo tài khoản test is failed.
[ERROR] 24-12-2023 11:14:37 [main] Log - Screenshot captured for test case: TC_01_LoginPageMA
[INFO ] 24-12-2023 11:14:38 [main] Log - TC02_OpenAllAccount test is starting...
[INFO ] 24-12-2023 11:14:50 [main] Log - TC02_OpenAllAccount test is passed.
[INFO ] 24-12-2023 11:14:50 [main] Log - End testing sample test
[INFO ] 24-12-2023 11:42:14 [main] Log - Start testing sample test
[INFO ] 24-12-2023 11:42:27 [main] Log - TC_01_LoginPageMA test is starting...
[INFO ] 24-12-2023 11:42:33 [main] Log - chạy test case Login Page
[ERROR] 24-12-2023 11:42:34 [main] Log - Mở trang Myaccount và tạo tài khoản test is failed.
[ERROR] 24-12-2023 11:42:34 [main] Log - Screenshot captured for test case: TC_01_LoginPageMA
[INFO ] 24-12-2023 11:42:35 [main] Log - TC02_OpenAllAccount test is starting...
[INFO ] 24-12-2023 11:42:47 [main] Log - TC02_OpenAllAccount test is passed.
[INFO ] 24-12-2023 11:42:47 [main] Log - End testing sample test
[INFO ] 24-12-2023 11:52:24 [main] Log - Start testing sample test
[INFO ] 24-12-2023 11:52:38 [main] Log - TC_01_LoginPageMA test is starting...
[INFO ] 24-12-2023 11:52:44 [main] Log - chạy test case Login Page
[ERROR] 24-12-2023 11:52:44 [main] Log - Mở trang Myaccount và tạo tài khoản test is failed.
[ERROR] 24-12-2023 11:52:45 [main] Log - Screenshot captured for test case: TC_01_LoginPageMA
[INFO ] 24-12-2023 11:52:46 [main] Log - TC02_OpenAllAccount test is starting...
[INFO ] 24-12-2023 11:52:58 [main] Log - TC02_OpenAllAccount test is passed.
[INFO ] 24-12-2023 11:52:58 [main] Log - End testing sample test
[INFO ] 24-12-2023 14:59:31 [main] Log - Start testing sample test
[INFO ] 24-12-2023 14:59:49 [main] Log - TC_01_LoginPageMA test is starting...
[INFO ] 24-12-2023 14:59:56 [main] Log - chạy test case Login Page
[ERROR] 24-12-2023 14:59:56 [main] Log - Mở trang Myaccount và tạo tài khoản test is failed.
[ERROR] 24-12-2023 14:59:57 [main] Log - Screenshot captured for test case: TC_01_LoginPageMA
[INFO ] 24-12-2023 14:59:58 [main] Log - TC02_OpenAllAccount test is starting...
[INFO ] 24-12-2023 15:00:10 [main] Log - TC02_OpenAllAccount test is passed.
[INFO ] 24-12-2023 15:00:10 [main] Log - End testing sample test
[INFO ] 24-12-2023 15:11:52 [main] Log - Start testing sample test
[INFO ] 24-12-2023 15:12:02 [main] Log - TC_01_LoginPageMA test is starting...
[INFO ] 24-12-2023 15:12:09 [main] Log - chạy test case Login Page
[ERROR] 24-12-2023 15:12:09 [main] Log - Mở trang Myaccount và tạo tài khoản test is failed.
[ERROR] 24-12-2023 15:12:10 [main] Log - Screenshot captured for test case: TC_01_LoginPageMA
[ERROR] 24-12-2023 15:12:10 [main] Log - Screenshot captured for test case: TC_01_LoginPageMA
[INFO ] 24-12-2023 15:12:10 [main] Log - TC02_OpenAllAccount test is starting...
[INFO ] 24-12-2023 15:12:23 [main] Log - TC02_OpenAllAccount test is passed.
[INFO ] 24-12-2023 15:12:23 [main] Log - End testing sample test
[INFO ] 24-12-2023 16:05:22 [main] Log - Start testing sample test
[INFO ] 24-12-2023 16:05:40 [main] Log - TC_01_LoginPageMA test is starting...
[INFO ] 24-12-2023 16:05:47 [main] Log - chạy test case Login Page
[ERROR] 24-12-2023 16:05:47 [main] Log - Mở trang Myaccount và tạo tài khoản test is failed.
[ERROR] 24-12-2023 16:05:48 [main] Log - Screenshot captured for test case: TC_01_LoginPageMA
[INFO ] 24-12-2023 16:05:49 [main] Log - TC02_OpenAllAccount test is starting...
[INFO ] 24-12-2023 16:06:01 [main] Log - TC02_OpenAllAccount test is passed.
[INFO ] 24-12-2023 16:06:01 [main] Log - End testing sample test
[INFO ] 24-12-2023 16:22:47 [main] Log - Start testing sample test
[INFO ] 24-12-2023 16:22:56 [main] Log - TC_01_LoginPageMA test is starting...
[INFO ] 24-12-2023 16:23:07 [main] Log - chạy test case Login Page
[ERROR] 24-12-2023 16:23:07 [main] Log - Mở trang Myaccount và tạo tài khoản test is failed.
[ERROR] 24-12-2023 16:23:08 [main] Log - Screenshot captured for test case: TC_01_LoginPageMA
[INFO ] 24-12-2023 16:23:09 [main] Log - TC02_OpenAllAccount test is starting...
[INFO ] 24-12-2023 16:23:21 [main] Log - TC02_OpenAllAccount test is passed.
[INFO ] 24-12-2023 16:23:22 [main] Log - End testing sample test
[INFO ] 24-12-2023 17:00:29 [main] Log - Start testing sample test
[INFO ] 24-12-2023 17:00:47 [main] Log - TC_01_LoginPageMA test is starting...
[INFO ] 24-12-2023 17:00:54 [main] Log - chạy test case Login Page
[ERROR] 24-12-2023 17:00:54 [main] Log - Mở trang Myaccount và tạo tài khoản test is failed.
[ERROR] 24-12-2023 17:00:55 [main] Log - Screenshot captured for test case: TC_01_LoginPageMA
[INFO ] 24-12-2023 17:00:56 [main] Log - TC02_OpenAllAccount test is starting...
[INFO ] 24-12-2023 17:01:09 [main] Log - TC02_OpenAllAccount test is passed.
[INFO ] 24-12-2023 17:01:09 [main] Log - End testing sample test
[INFO ] 24-12-2023 17:06:15 [main] Log - Start testing sample test
[INFO ] 24-12-2023 17:06:31 [main] Log - TC_01_LoginPageMA test is starting...
[INFO ] 24-12-2023 17:06:38 [main] Log - chạy test case Login Page
[ERROR] 24-12-2023 17:06:38 [main] Log - Mở trang Myaccount và tạo tài khoản test is failed.
[ERROR] 24-12-2023 17:06:39 [main] Log - Screenshot captured for test case: TC_01_LoginPageMA
[INFO ] 24-12-2023 17:06:39 [main] Log - TC02_OpenAllAccount test is starting...
[INFO ] 24-12-2023 17:06:52 [main] Log - TC02_OpenAllAccount test is passed.
[INFO ] 24-12-2023 17:06:52 [main] Log - End testing sample test
[INFO ] 24-12-2023 17:27:49 [main] Log - Start testing sample test
[INFO ] 24-12-2023 17:28:02 [main] Log - TC_01_LoginPageMA test is starting...
[INFO ] 24-12-2023 17:28:09 [main] Log - chạy test case Login Page
[ERROR] 24-12-2023 17:28:10 [main] Log - Mở trang Myaccount và tạo tài khoản test is failed.
[ERROR] 24-12-2023 17:28:10 [main] Log - Screenshot captured for test case: TC_01_LoginPageMA
[INFO ] 24-12-2023 17:28:11 [main] Log - TC02_OpenAllAccount test is starting...
[INFO ] 24-12-2023 17:28:23 [main] Log - TC02_OpenAllAccount test is passed.
[INFO ] 24-12-2023 17:28:24 [main] Log - End testing sample test
[INFO ] 24-12-2023 17:51:03 [main] Log - Start testing sample test
[INFO ] 24-12-2023 17:51:13 [main] Log - TC_01_LoginPageMA test is starting...
[INFO ] 24-12-2023 17:51:24 [main] Log - chạy test case Login Page
[ERROR] 24-12-2023 17:51:25 [main] Log - Mở trang Myaccount và tạo tài khoản test is failed.
[ERROR] 24-12-2023 17:51:26 [main] Log - Screenshot captured for test case: TC_01_LoginPageMA
[INFO ] 24-12-2023 17:51:27 [main] Log - TC02_OpenAllAccount test is starting...
[INFO ] 24-12-2023 17:51:39 [main] Log - TC02_OpenAllAccount test is passed.
[INFO ] 24-12-2023 17:51:39 [main] Log - End testing sample test
[INFO ] 24-12-2023 17:54:47 [main] Log - Start testing sample test
[INFO ] 24-12-2023 17:54:54 [main] Log - TC_01_LoginPageMA test is starting...
[INFO ] 24-12-2023 17:55:04 [main] Log - chạy test case Login Page
[ERROR] 24-12-2023 17:55:05 [main] Log - Mở trang Myaccount và tạo tài khoản test is failed.
[ERROR] 24-12-2023 17:55:05 [main] Log - Screenshot captured for test case: TC_01_LoginPageMA
[INFO ] 24-12-2023 17:55:06 [main] Log - TC02_OpenAllAccount test is starting...
[INFO ] 24-12-2023 17:55:18 [main] Log - TC02_OpenAllAccount test is passed.
[INFO ] 24-12-2023 17:55:18 [main] Log - End testing sample test
[INFO ] 24-12-2023 17:57:34 [main] Log - Start testing sample test
[INFO ] 24-12-2023 17:57:51 [main] Log - TC_01_LoginPageMA test is starting...
[INFO ] 24-12-2023 17:57:58 [main] Log - chạy test case Login Page
[ERROR] 24-12-2023 17:57:58 [main] Log - Mở trang Myaccount và tạo tài khoản test is failed.
[ERROR] 24-12-2023 17:58:00 [main] Log - Screenshot captured for test case: TC_01_LoginPageMA
[INFO ] 24-12-2023 17:58:01 [main] Log - TC02_OpenAllAccount test is starting...
[INFO ] 24-12-2023 17:58:13 [main] Log - TC02_OpenAllAccount test is passed.
[INFO ] 24-12-2023 17:58:13 [main] Log - End testing sample test
